# JRE version: OpenJDK Runtime Environment (17.0.10) (build 17.0.10+0--11609105)
# Java VM: OpenJDK 64-Bit Server VM (17.0.10+0--11609105, mixed mode, tiered, compressed oops, compressed class ptrs, g1 gc, windows-amd64)
GC Precious Log:
 CPUs: 4 total, 4 available
 Memory: 12171M
 Large Page Support: Disabled
 NUMA Support: Disabled
 Compressed Oops: Enabled (Zero based)
 Heap Region Size: 2M
 Heap Min Capacity: 8M
 Heap Initial Capacity: 192M
 Heap Max Capacity: 3044M
 Pre-touch: Disabled
 Parallel Workers: 4
 Concurrent Workers: 1
 Concurrent Refinement Workers: 4
 Periodic GC: Disabled
Heap:
 garbage-first heap   total 196608K, used 87145K [0x0000000741c00000, 0x0000000800000000)
  region size 2048K, 1 young (2048K), 1 survivors (2048K)
 Metaspace       used 89102K, committed 89472K, reserved 1179648K
  class space    used 9346K, committed 9536K, reserved 1048576K
GC Heap History (20 events):
Event: 38.394 GC heap after
{Heap after GC invocations=44 (full 0):
 garbage-first heap   total 147456K, used 81326K [0x0000000741c00000, 0x0000000800000000)
  region size 2048K, 2 young (4096K), 2 survivors (4096K)
 Metaspace       used 72189K, committed 72512K, reserved 1114112K
  class space    used 7890K, committed 8064K, reserved 1048576K
}
Event: 40.398 GC heap before
{Heap before GC invocations=45 (full 0):
 garbage-first heap   total 147456K, used 112046K [0x0000000741c00000, 0x0000000800000000)
  region size 2048K, 18 young (36864K), 2 survivors (4096K)
 Metaspace       used 76350K, committed 76736K, reserved 1179648K
  class space    used 8329K, committed 8512K, reserved 1048576K
}
Event: 40.417 GC heap after
{Heap after GC invocations=46 (full 0):
 garbage-first heap   total 147456K, used 85200K [0x0000000741c00000, 0x0000000800000000)
  region size 2048K, 2 young (4096K), 2 survivors (4096K)
 Metaspace       used 76350K, committed 76736K, reserved 1179648K
  class space    used 8329K, committed 8512K, reserved 1048576K
}
Event: 41.634 GC heap before
{Heap before GC invocations=46 (full 0):
 garbage-first heap   total 147456K, used 113872K [0x0000000741c00000, 0x0000000800000000)
  region size 2048K, 17 young (34816K), 2 survivors (4096K)
 Metaspace       used 80332K, committed 80704K, reserved 1179648K
  class space    used 8734K, committed 8896K, reserved 1048576K
}
Event: 41.652 GC heap after
{Heap after GC invocations=47 (full 0):
 garbage-first heap   total 147456K, used 88404K [0x0000000741c00000, 0x0000000800000000)
  region size 2048K, 3 young (6144K), 3 survivors (6144K)
 Metaspace       used 80332K, committed 80704K, reserved 1179648K
  class space    used 8734K, committed 8896K, reserved 1048576K
}
Event: 44.582 GC heap before
{Heap before GC invocations=48 (full 0):
 garbage-first heap   total 153600K, used 115028K [0x0000000741c00000, 0x0000000800000000)
  region size 2048K, 17 young (34816K), 3 survivors (6144K)
 Metaspace       used 83482K, committed 83840K, reserved 1179648K
  class space    used 8965K, committed 9152K, reserved 1048576K
}
Event: 44.600 GC heap after
{Heap after GC invocations=49 (full 0):
 garbage-first heap   total 153600K, used 88339K [0x0000000741c00000, 0x0000000800000000)
  region size 2048K, 2 young (4096K), 2 survivors (4096K)
 Metaspace       used 83482K, committed 83840K, reserved 1179648K
  class space    used 8965K, committed 9152K, reserved 1048576K
}
Event: 44.760 GC heap before
{Heap before GC invocations=49 (full 0):
 garbage-first heap   total 153600K, used 90387K [0x0000000741c00000, 0x0000000800000000)
  region size 2048K, 3 young (6144K), 2 survivors (4096K)
 Metaspace       used 83837K, committed 84224K, reserved 1179648K
  class space    used 8995K, committed 9216K, reserved 1048576K
}
Event: 44.782 GC heap after
{Heap after GC invocations=50 (full 0):
 garbage-first heap   total 153600K, used 81813K [0x0000000741c00000, 0x0000000800000000)
  region size 2048K, 1 young (2048K), 1 survivors (2048K)
 Metaspace       used 83837K, committed 84224K, reserved 1179648K
  class space    used 8995K, committed 9216K, reserved 1048576K
}
Event: 47.225 GC heap before
{Heap before GC invocations=50 (full 0):
 garbage-first heap   total 153600K, used 118677K [0x0000000741c00000, 0x0000000800000000)
  region size 2048K, 20 young (40960K), 1 survivors (2048K)
 Metaspace       used 88275K, committed 88704K, reserved 1179648K
  class space    used 9324K, committed 9536K, reserved 1048576K
}
Event: 47.235 GC heap after
{Heap after GC invocations=51 (full 0):
 garbage-first heap   total 153600K, used 83797K [0x0000000741c00000, 0x0000000800000000)
  region size 2048K, 2 young (4096K), 2 survivors (4096K)
 Metaspace       used 88275K, committed 88704K, reserved 1179648K
  class space    used 9324K, committed 9536K, reserved 1048576K
}
Event: 48.740 GC heap before
{Heap before GC invocations=52 (full 0):
 garbage-first heap   total 153600K, used 122709K [0x0000000741c00000, 0x0000000800000000)
  region size 2048K, 21 young (43008K), 2 survivors (4096K)
 Metaspace       used 88786K, committed 89216K, reserved 1179648K
  class space    used 9343K, committed 9536K, reserved 1048576K
}
Event: 48.750 GC heap after
{Heap after GC invocations=53 (full 0):
 garbage-first heap   total 153600K, used 85996K [0x0000000741c00000, 0x0000000800000000)
  region size 2048K, 3 young (6144K), 3 survivors (6144K)
 Metaspace       used 88786K, committed 89216K, reserved 1179648K
  class space    used 9343K, committed 9536K, reserved 1048576K
}
Event: 48.774 GC heap before
{Heap before GC invocations=53 (full 0):
 garbage-first heap   total 153600K, used 88044K [0x0000000741c00000, 0x0000000800000000)
  region size 2048K, 4 young (8192K), 3 survivors (6144K)
 Metaspace       used 88797K, committed 89216K, reserved 1179648K
  class space    used 9343K, committed 9536K, reserved 1048576K
}
Event: 48.786 GC heap after
{Heap after GC invocations=54 (full 0):
 garbage-first heap   total 153600K, used 85257K [0x0000000741c00000, 0x0000000800000000)
  region size 2048K, 1 young (2048K), 1 survivors (2048K)
 Metaspace       used 88797K, committed 89216K, reserved 1179648K
  class space    used 9343K, committed 9536K, reserved 1048576K
}
Event: 49.525 GC heap before
{Heap before GC invocations=54 (full 0):
 garbage-first heap   total 153600K, used 124169K [0x0000000741c00000, 0x0000000800000000)
  region size 2048K, 20 young (40960K), 1 survivors (2048K)
 Metaspace       used 88978K, committed 89408K, reserved 1179648K
  class space    used 9343K, committed 9536K, reserved 1048576K
}
Event: 49.531 GC heap after
{Heap after GC invocations=55 (full 0):
 garbage-first heap   total 153600K, used 88379K [0x0000000741c00000, 0x0000000800000000)
  region size 2048K, 2 young (4096K), 2 survivors (4096K)
 Metaspace       used 88978K, committed 89408K, reserved 1179648K
  class space    used 9343K, committed 9536K, reserved 1048576K
}
Event: 50.429 GC heap before
{Heap before GC invocations=56 (full 0):
 garbage-first heap   total 167936K, used 125243K [0x0000000741c00000, 0x0000000800000000)
  region size 2048K, 20 young (40960K), 2 survivors (4096K)
 Metaspace       used 89102K, committed 89472K, reserved 1179648K
  class space    used 9346K, committed 9536K, reserved 1048576K
}
Event: 50.435 GC heap after
{Heap after GC invocations=57 (full 0):
 garbage-first heap   total 167936K, used 89194K [0x0000000741c00000, 0x0000000800000000)
  region size 2048K, 2 young (4096K), 2 survivors (4096K)
 Metaspace       used 89102K, committed 89472K, reserved 1179648K
  class space    used 9346K, committed 9536K, reserved 1048576K
}
Event: 50.485 GC heap before
{Heap before GC invocations=57 (full 0):
 garbage-first heap   total 167936K, used 93290K [0x0000000741c00000, 0x0000000800000000)
  region size 2048K, 4 young (8192K), 2 survivors (4096K)
 Metaspace       used 89102K, committed 89472K, reserved 1179648K
  class space    used 9346K, committed 9536K, reserved 1048576K
}

