# JRE version: OpenJDK Runtime Environment (17.0.10) (build 17.0.10+0--11609105)
# Java VM: OpenJDK 64-Bit Server VM (17.0.10+0--11609105, mixed mode, tiered, compressed oops, compressed class ptrs, g1 gc, windows-amd64)
GC Precious Log:
 CPUs: 4 total, 4 available
 Memory: 12171M
 Large Page Support: Disabled
 NUMA Support: Disabled
 Compressed Oops: Enabled (Zero based)
 Heap Region Size: 2M
 Heap Min Capacity: 8M
 Heap Initial Capacity: 192M
 Heap Max Capacity: 3044M
 Pre-touch: Disabled
 Parallel Workers: 4
 Concurrent Workers: 1
 Concurrent Refinement Workers: 4
 Periodic GC: Disabled
Heap:
 garbage-first heap   total 112640K, used 53669K [0x0000000741c00000, 0x0000000800000000)
  region size 2048K, 7 young (14336K), 3 survivors (6144K)
 Metaspace       used 57148K, committed 57344K, reserved 1114112K
  class space    used 6585K, committed 6656K, reserved 1048576K
GC Heap History (20 events):
Event: 3.629 GC heap before
{Heap before GC invocations=9 (full 0):
 garbage-first heap   total 59392K, used 38205K [0x0000000741c00000, 0x0000000800000000)
  region size 2048K, 11 young (22528K), 1 survivors (2048K)
 Metaspace       used 40192K, committed 40448K, reserved 1114112K
  class space    used 4933K, committed 5056K, reserved 1048576K
}
Event: 3.635 GC heap after
{Heap after GC invocations=10 (full 0):
 garbage-first heap   total 59392K, used 21770K [0x0000000741c00000, 0x0000000800000000)
  region size 2048K, 2 young (4096K), 2 survivors (4096K)
 Metaspace       used 40192K, committed 40448K, reserved 1114112K
  class space    used 4933K, committed 5056K, reserved 1048576K
}
Event: 4.297 GC heap before
{Heap before GC invocations=10 (full 0):
 garbage-first heap   total 59392K, used 40202K [0x0000000741c00000, 0x0000000800000000)
  region size 2048K, 12 young (24576K), 2 survivors (4096K)
 Metaspace       used 44545K, committed 44736K, reserved 1114112K
  class space    used 5405K, committed 5504K, reserved 1048576K
}
Event: 4.308 GC heap after
{Heap after GC invocations=11 (full 0):
 garbage-first heap   total 59392K, used 24161K [0x0000000741c00000, 0x0000000800000000)
  region size 2048K, 2 young (4096K), 2 survivors (4096K)
 Metaspace       used 44545K, committed 44736K, reserved 1114112K
  class space    used 5405K, committed 5504K, reserved 1048576K
}
Event: 4.708 GC heap before
{Heap before GC invocations=11 (full 0):
 garbage-first heap   total 59392K, used 44641K [0x0000000741c00000, 0x0000000800000000)
  region size 2048K, 11 young (22528K), 2 survivors (4096K)
 Metaspace       used 47806K, committed 48000K, reserved 1114112K
  class space    used 5805K, committed 5888K, reserved 1048576K
}
Event: 4.715 GC heap after
{Heap after GC invocations=12 (full 0):
 garbage-first heap   total 59392K, used 29679K [0x0000000741c00000, 0x0000000800000000)
  region size 2048K, 2 young (4096K), 2 survivors (4096K)
 Metaspace       used 47806K, committed 48000K, reserved 1114112K
  class space    used 5805K, committed 5888K, reserved 1048576K
}
Event: 5.112 GC heap before
{Heap before GC invocations=12 (full 0):
 garbage-first heap   total 59392K, used 44015K [0x0000000741c00000, 0x0000000800000000)
  region size 2048K, 9 young (18432K), 2 survivors (4096K)
 Metaspace       used 50540K, committed 50752K, reserved 1114112K
  class space    used 6118K, committed 6208K, reserved 1048576K
}
Event: 5.124 GC heap after
{Heap after GC invocations=13 (full 0):
 garbage-first heap   total 75776K, used 31572K [0x0000000741c00000, 0x0000000800000000)
  region size 2048K, 1 young (2048K), 1 survivors (2048K)
 Metaspace       used 50540K, committed 50752K, reserved 1114112K
  class space    used 6118K, committed 6208K, reserved 1048576K
}
Event: 5.406 GC heap before
{Heap before GC invocations=13 (full 0):
 garbage-first heap   total 75776K, used 52052K [0x0000000741c00000, 0x0000000800000000)
  region size 2048K, 12 young (24576K), 1 survivors (2048K)
 Metaspace       used 50940K, committed 51200K, reserved 1114112K
  class space    used 6137K, committed 6208K, reserved 1048576K
}
Event: 5.419 GC heap after
{Heap after GC invocations=14 (full 0):
 garbage-first heap   total 75776K, used 35700K [0x0000000741c00000, 0x0000000800000000)
  region size 2048K, 2 young (4096K), 2 survivors (4096K)
 Metaspace       used 50940K, committed 51200K, reserved 1114112K
  class space    used 6137K, committed 6208K, reserved 1048576K
}
Event: 5.544 GC heap before
{Heap before GC invocations=14 (full 0):
 garbage-first heap   total 75776K, used 56180K [0x0000000741c00000, 0x0000000800000000)
  region size 2048K, 12 young (24576K), 2 survivors (4096K)
 Metaspace       used 50998K, committed 51200K, reserved 1114112K
  class space    used 6137K, committed 6208K, reserved 1048576K
}
Event: 5.556 GC heap after
{Heap after GC invocations=15 (full 0):
 garbage-first heap   total 75776K, used 37145K [0x0000000741c00000, 0x0000000800000000)
  region size 2048K, 1 young (2048K), 1 survivors (2048K)
 Metaspace       used 50998K, committed 51200K, reserved 1114112K
  class space    used 6137K, committed 6208K, reserved 1048576K
}
Event: 6.290 GC heap before
{Heap before GC invocations=15 (full 0):
 garbage-first heap   total 75776K, used 55577K [0x0000000741c00000, 0x0000000800000000)
  region size 2048K, 10 young (20480K), 1 survivors (2048K)
 Metaspace       used 52835K, committed 53056K, reserved 1114112K
  class space    used 6316K, committed 6400K, reserved 1048576K
}
Event: 6.304 GC heap after
{Heap after GC invocations=16 (full 0):
 garbage-first heap   total 75776K, used 40652K [0x0000000741c00000, 0x0000000800000000)
  region size 2048K, 2 young (4096K), 2 survivors (4096K)
 Metaspace       used 52835K, committed 53056K, reserved 1114112K
  class space    used 6316K, committed 6400K, reserved 1048576K
}
Event: 7.060 GC heap before
{Heap before GC invocations=17 (full 0):
 garbage-first heap   total 75776K, used 59084K [0x0000000741c00000, 0x0000000800000000)
  region size 2048K, 11 young (22528K), 2 survivors (4096K)
 Metaspace       used 53930K, committed 54144K, reserved 1114112K
  class space    used 6369K, committed 6464K, reserved 1048576K
}
Event: 7.073 GC heap after
{Heap after GC invocations=18 (full 0):
 garbage-first heap   total 75776K, used 44009K [0x0000000741c00000, 0x0000000800000000)
  region size 2048K, 2 young (4096K), 2 survivors (4096K)
 Metaspace       used 53930K, committed 54144K, reserved 1114112K
  class space    used 6369K, committed 6464K, reserved 1048576K
}
Event: 7.117 GC heap before
{Heap before GC invocations=18 (full 0):
 garbage-first heap   total 75776K, used 46057K [0x0000000741c00000, 0x0000000800000000)
  region size 2048K, 3 young (6144K), 2 survivors (4096K)
 Metaspace       used 53977K, committed 54208K, reserved 1114112K
  class space    used 6369K, committed 6464K, reserved 1048576K
}
Event: 7.124 GC heap after
{Heap after GC invocations=19 (full 0):
 garbage-first heap   total 112640K, used 43683K [0x0000000741c00000, 0x0000000800000000)
  region size 2048K, 1 young (2048K), 1 survivors (2048K)
 Metaspace       used 53977K, committed 54208K, reserved 1114112K
  class space    used 6369K, committed 6464K, reserved 1048576K
}
Event: 9.024 GC heap before
{Heap before GC invocations=19 (full 0):
 garbage-first heap   total 112640K, used 82595K [0x0000000741c00000, 0x0000000800000000)
  region size 2048K, 20 young (40960K), 1 survivors (2048K)
 Metaspace       used 56899K, committed 57088K, reserved 1114112K
  class space    used 6559K, committed 6656K, reserved 1048576K
}
Event: 9.038 GC heap after
{Heap after GC invocations=20 (full 0):
 garbage-first heap   total 112640K, used 47525K [0x0000000741c00000, 0x0000000800000000)
  region size 2048K, 3 young (6144K), 3 survivors (6144K)
 Metaspace       used 56899K, committed 57088K, reserved 1114112K
  class space    used 6559K, committed 6656K, reserved 1048576K
}

